<?xml version="1.0" encoding="UTF-8"?>
<testsuite xmlns:xsi="http://www.w3.org/2001/XMLSchema-instance" xsi:noNamespaceSchemaLocation="https://maven.apache.org/surefire/maven-surefire-plugin/xsd/surefire-test-report.xsd" version="3.0.2" name="com.mac.sdk_util.utils.ResponseHelperTest" time="0.179" tests="3" errors="0" skipped="0" failures="0" flakes="0">
  <properties>
[...]
</properties>
  <testcase name="httpConflictWrapsBody" classname="com.mac.sdk_util.utils.ResponseHelperTest" time="0.105"/>
  <testcase name="httpAcceptedWrapsBody" classname="com.mac.sdk_util.utils.ResponseHelperTest" time="0.012"/>
  <testcase name="httpCreatedWrapsBodyAndSetsLocation" classname="com.mac.sdk_util.utils.ResponseHelperTest" time="0.005"/>
</testsuite>